Release 10.1.03 Map K.39 (nt)
Xilinx Mapping Report File for Design 'duck_hunt'

Design Information
------------------
Command Line   : map -ise D:/toplevel/DemoProject.ise -intstyle ise -p
xc2vp30-ff896-6 -cm area -pr off -k 4 -c 100 -tx off -o duck_hunt_map.ncd
duck_hunt.ngd duck_hunt.pcf 
Target Device  : xc2vp30
Target Package : ff896
Target Speed   : -6
Mapper Version : virtex2p -- $Revision: 1.46.12.2 $
Mapped Date    : Tue Apr 13 17:26:36 2010

Design Summary
--------------
Number of errors:      0
Number of warnings:    2
Logic Utilization:
  Number of Slice Flip Flops:         1,252 out of  27,392    4%
  Number of 4 input LUTs:             3,312 out of  27,392   12%
Logic Distribution:
  Number of occupied Slices:          2,298 out of  13,696   16%
    Number of Slices containing only related logic:   2,298 out of   2,298 100%
    Number of Slices containing unrelated logic:          0 out of   2,298   0%
      *See NOTES below for an explanation of the effects of unrelated logic.
  Total Number of 4 input LUTs:       3,381 out of  27,392   12%
    Number used as logic:             3,056
    Number used as a route-thru:         69
    Number used for Dual Port RAMs:     256
      (Two LUTs used per Dual Port RAM)
  Number of bonded IOBs:                 33 out of     556    5%
  Number of RAMB16s:                     20 out of     136   14%
  Number of BUFGMUXs:                     2 out of      16   12%
  Number of DCMs:                         1 out of       8   12%

Peak Memory Usage:  216 MB
Total REAL time to MAP completion:  10 secs 
Total CPU time to MAP completion:   10 secs 

NOTES:

   Related logic is defined as being logic that shares connectivity - e.g. two
   LUTs are "related" if they share common inputs.  When assembling slices,
   Map gives priority to combine logic that is related.  Doing so results in
   the best timing performance.

   Unrelated logic shares no connectivity.  Map will only begin packing
   unrelated logic into a slice once 99% of the slices are occupied through
   related logic packing.

   Note that once logic distribution reaches the 99% level through related
   logic packing, this does not mean the device is completely utilized.
   Unrelated logic packing will then begin, continuing until all usable LUTs
   and FFs are occupied.  Depending on your timing budget, increased levels of
   unrelated logic packing may adversely affect the overall timing performance
   of your design.

Table of Contents
-----------------
Section 1 - Errors
Section 2 - Warnings
Section 3 - Informational
Section 4 - Removed Logic Summary
Section 5 - Removed Logic
Section 6 - IOB Properties
Section 7 - RPMs
Section 8 - Guide Report
Section 9 - Area Group and Partition Summary
Section 10 - Modular Design Summary
Section 11 - Timing Report
Section 12 - Configuration String Information
Section 13 - Control Set Information
Section 14 - Utilization by Hierarchy

Section 1 - Errors
------------------

Section 2 - Warnings
--------------------
WARNING:LIT:243 - Logical network proc/proc/dp/dec/rf/Mram_regFile_ren32/SPO has
   no load.
WARNING:LIT:395 - The above warning message base_net_load_rule is repeated 63
   more times for the following (max. 5 shown):
   proc/proc/dp/dec/rf/Mram_regFile_ren31/SPO,
   proc/proc/dp/dec/rf/Mram_regFile_ren30/SPO,
   proc/proc/dp/dec/rf/Mram_regFile_ren29/SPO,
   proc/proc/dp/dec/rf/Mram_regFile_ren28/SPO,
   proc/proc/dp/dec/rf/Mram_regFile_ren27/SPO
   To see the details of these warning messages, please use the -detail switch.

Section 3 - Informational
-------------------------
INFO:MapLib:562 - No environment variables are currently set.
INFO:LIT:244 - All of the single ended outputs in this design are using slew
   rate limited output drivers. The delay on speed critical single ended outputs
   can be dramatically reduced by designating them as fast outputs.
INFO:PhysDesignRules:772 - To achieve optimal frequency synthesis performance
   with the CLKFX and CLKFX180 outputs of the DCM comp
   vga/vga_clk_gen1/DCM_INST, consult the device Interactive Data Sheet.

Section 4 - Removed Logic Summary
---------------------------------
   2 block(s) optimized away

Section 5 - Removed Logic
-------------------------

Optimized Block(s):
TYPE 		BLOCK
GND 		XST_GND
VCC 		XST_VCC

To enable printing of redundant blocks removed and signals merged, set the
detailed map report option and rerun map.

Section 6 - IOB Properties
--------------------------

+-------------------------------------------------------------------------------------------------------------------------------------------------+
| IOB Name                           | Type             | Direction | IO Standard          | Drive    | Slew | Reg (s)      | Resistor | IOB      |
|                                    |                  |           |                      | Strength | Rate |              |          | Delay    |
+-------------------------------------------------------------------------------------------------------------------------------------------------+
| bgch                               | IOB              | OUTPUT    | LVTTL                | 12       | SLOW |              |          |          |
| blank                              | IOB              | OUTPUT    | LVTTL                | 6        | SLOW |              |          |          |
| clk_100mhz                         | IOB              | INPUT     | LVCMOS25             |          |      |              |          |          |
| clk_25mhz                          | IOB              | OUTPUT    | LVTTL                | 6        | SLOW |              |          |          |
| comp_sync                          | IOB              | OUTPUT    | LVTTL                | 6        | SLOW |              |          |          |
| hsync                              | IOB              | OUTPUT    | LVTTL                | 12       | SLOW |              |          |          |
| pixel_b<0>                         | IOB              | OUTPUT    | LVTTL                | 6        | SLOW |              |          |          |
| pixel_b<1>                         | IOB              | OUTPUT    | LVTTL                | 6        | SLOW |              |          |          |
| pixel_b<2>                         | IOB              | OUTPUT    | LVTTL                | 6        | SLOW |              |          |          |
| pixel_b<3>                         | IOB              | OUTPUT    | LVTTL                | 6        | SLOW |              |          |          |
| pixel_b<4>                         | IOB              | OUTPUT    | LVTTL                | 6        | SLOW |              |          |          |
| pixel_b<5>                         | IOB              | OUTPUT    | LVTTL                | 6        | SLOW |              |          |          |
| pixel_b<6>                         | IOB              | OUTPUT    | LVTTL                | 6        | SLOW |              |          |          |
| pixel_b<7>                         | IOB              | OUTPUT    | LVTTL                | 6        | SLOW |              |          |          |
| pixel_g<0>                         | IOB              | OUTPUT    | LVTTL                | 6        | SLOW |              |          |          |
| pixel_g<1>                         | IOB              | OUTPUT    | LVTTL                | 6        | SLOW |              |          |          |
| pixel_g<2>                         | IOB              | OUTPUT    | LVTTL                | 6        | SLOW |              |          |          |
| pixel_g<3>                         | IOB              | OUTPUT    | LVTTL                | 6        | SLOW |              |          |          |
| pixel_g<4>                         | IOB              | OUTPUT    | LVTTL                | 6        | SLOW |              |          |          |
| pixel_g<5>                         | IOB              | OUTPUT    | LVTTL                | 6        | SLOW |              |          |          |
| pixel_g<6>                         | IOB              | OUTPUT    | LVTTL                | 6        | SLOW |              |          |          |
| pixel_g<7>                         | IOB              | OUTPUT    | LVTTL                | 6        | SLOW |              |          |          |
| pixel_r<0>                         | IOB              | OUTPUT    | LVTTL                | 6        | SLOW |              |          |          |
| pixel_r<1>                         | IOB              | OUTPUT    | LVTTL                | 6        | SLOW |              |          |          |
| pixel_r<2>                         | IOB              | OUTPUT    | LVTTL                | 6        | SLOW |              |          |          |
| pixel_r<3>                         | IOB              | OUTPUT    | LVTTL                | 6        | SLOW |              |          |          |
| pixel_r<4>                         | IOB              | OUTPUT    | LVTTL                | 6        | SLOW |              |          |          |
| pixel_r<5>                         | IOB              | OUTPUT    | LVTTL                | 6        | SLOW |              |          |          |
| pixel_r<6>                         | IOB              | OUTPUT    | LVTTL                | 6        | SLOW |              |          |          |
| pixel_r<7>                         | IOB              | OUTPUT    | LVTTL                | 6        | SLOW |              |          |          |
| rst                                | IOB              | INPUT     | LVCMOS25             |          |      |              |          |          |
| sprite_vist                        | IOB              | OUTPUT    | LVTTL                | 12       | SLOW |              |          |          |
| vsync                              | IOB              | OUTPUT    | LVTTL                | 12       | SLOW |              |          |          |
+-------------------------------------------------------------------------------------------------------------------------------------------------+

Section 7 - RPMs
----------------

Section 8 - Guide Report
------------------------
Guide not run on this design.

Section 9 - Area Group and Partition Summary
--------------------------------------------

Partition Implementation Status
-------------------------------

  No Partitions were found in this design.

-------------------------------

Area Group Information
----------------------

  No area groups were found in this design.

----------------------

Section 10 - Modular Design Summary
-----------------------------------
Modular Design not used for this design.

Section 11 - Timing Report
--------------------------
This design was not run using timing mode.

Section 12 - Configuration String Details
-----------------------------------------
Use the "-detail" map option to print out Configuration Strings

Section 13 - Control Set Information
------------------------------------
No control set information for this architecture.

Section 14 - Utilization by Hierarchy
-------------------------------------

This feature is not supported for this architecture.
